Using pre-set license

 COMMAND LINE ARGUMENTS:
/Applications/Unity/Hub/Editor/2020.3.12f1/Unity.app/Contents/MacOS/Unity
-adb2
-batchMode
-noUpm
-name
AssetImportWorker0
-projectPath
/Users/punji/Bally
-logFile
Logs/AssetImportWorker0.log
-srvPort
58566
Successfully changed project path to: /Users/punji/Bally
/Users/punji/Bally
Using Asset Import Pipeline V2.
Refreshing native plugins compatible for Editor in 58.00 ms, found 2 plugins.
Preloading 0 native plugins for Editor in 0.00 ms.
Initialize engine version: 2020.3.12f1 (b3b2c6512326)
[Subsystems] Discovering subsystems at path /Applications/Unity/Hub/Editor/2020.3.12f1/Unity.app/Contents/Resources/UnitySubsystems
[Subsystems] Discovering subsystems at path /Users/punji/Bally/Assets
GfxDevice: creating device client; threaded=0
2023-06-12 15:08:57.156 Unity[10489:784770] Color LCD preferred device: Intel(R) Iris(TM) Plus Graphics 655 (low power)
2023-06-12 15:08:57.156 Unity[10489:784770] Metal devices available: 1
2023-06-12 15:08:57.156 Unity[10489:784770] 0: Intel(R) Iris(TM) Plus Graphics 655 (low power)
2023-06-12 15:08:57.157 Unity[10489:784770] Using device Intel(R) Iris(TM) Plus Graphics 655 (low power)
Initializing Metal device caps: Intel(R) Iris(TM) Plus Graphics 655
Initialize mono
Mono path[0] = '/Applications/Unity/Hub/Editor/2020.3.12f1/Unity.app/Contents/Managed'
Mono path[1] = '/Applications/Unity/Hub/Editor/2020.3.12f1/Unity.app/Contents/MonoBleedingEdge/lib/mono/unityjit'
Mono config path = '/Applications/Unity/Hub/Editor/2020.3.12f1/Unity.app/Contents/MonoBleedingEdge/etc'
Using monoOptions --debugger-agent=transport=dt_socket,embedding=1,server=y,suspend=n,address=127.0.0.1:56489
Begin MonoManager ReloadAssembly
Registering precompiled unity dll's ...
Register platform support module: /Applications/Unity/Hub/Editor/2020.3.12f1/Unity.app/Contents/PlaybackEngines/MacStandaloneSupport/UnityEditor.OSXStandalone.Extensions.dll
Registered in 0.000547 seconds.
Native extension for OSXStandalone target not found
Refreshing native plugins compatible for Editor in 42.07 ms, found 2 plugins.
Preloading 0 native plugins for Editor in 0.00 ms.
Mono: successfully reloaded assembly
- Completed reload, in  2.428 seconds
Platform modules already initialized, skipping
Registering precompiled user dll's ...
Registered in 0.003114 seconds.
Begin MonoManager ReloadAssembly
Native extension for OSXStandalone target not found
Refreshing native plugins compatible for Editor in 0.59 ms, found 2 plugins.
Preloading 0 native plugins for Editor in 0.00 ms.
Mono: successfully reloaded assembly
- Completed reload, in  1.358 seconds
Platform modules already initialized, skipping
========================================================================
Worker process is ready to serve import requests
Launching external process: /Applications/Unity/Hub/Editor/2020.3.12f1/Unity.app/Contents/Tools/UnityShaderCompiler
Launched and connected shader compiler UnityShaderCompiler after 0.02 seconds
Refreshing native plugins compatible for Editor in 0.54 ms, found 2 plugins.
Preloading 0 native plugins for Editor in 0.00 ms.
Unloading 1896 Unused Serialized files (Serialized files now loaded: 0)
System memory in use before: 169.7 MB.
System memory in use after: 169.8 MB.

Unloading 23 unused Assets to reduce memory usage. Loaded Objects now: 2347.
Total: 3.354785 ms (FindLiveObjects: 0.410473 ms CreateObjectMapping: 0.109729 ms MarkObjects: 2.737840 ms  DeleteObjects: 0.095518 ms)

AssetImportParameters requested are different than current active one (requested -> active):
  custom:video-decoder-ogg-theora: a1e56fd34408186e4bbccfd4996cb3dc -> 
  custom:container-muxer-webm: aa71ff27fc2769a1b78a27578f13a17b -> 
  custom:container-demuxer-webm: 4f35f7cbe854078d1ac9338744f61a02 -> 
  custom:container-demuxer-ogg: 62fdf1f143b41e24485cea50d1cbac27 -> 
  custom:video-encoder-webm-vp8: eb34c28f22e8b96e1ab97ce403110664 -> 
  custom:framework-osx-AVFoundation: b23960f63f64bdc6ff669e2cdcee2391 -> 
  custom:video-decoder-webm-vp8: 9c59270c3fd7afecdb556c50c9e8de78 -> 
  custom:audio-decoder-ogg-vorbis: bf7c407c2cedff20999df2af8eb42d56 -> 
  custom:audio-encoder-webm-vorbis: bf7c407c2cedff20999df2af8eb42d56 -> 
========================================================================
Received Import Request.
  path: Assets/Scenes/LVS/L1-Elevated.unity
  artifactKey: Guid(5fa03805f886b43fabe2927410db0f95) Importer(815301076,1909f56bfc062723c751e8b465ee728b)
Start importing Assets/Scenes/LVS/L1-Elevated.unity using Guid(5fa03805f886b43fabe2927410db0f95) Importer(815301076,1909f56bfc062723c751e8b465ee728b)  -> (artifact id: '4dcafbcce920fc8e69acb9103970e0ae') in 0.015090 seconds 
  Import took 0.021501 seconds .

========================================================================
Received Prepare
Registering precompiled user dll's ...
Registered in 0.002858 seconds.
Begin MonoManager ReloadAssembly
Native extension for OSXStandalone target not found
Refreshing native plugins compatible for Editor in 0.52 ms, found 2 plugins.
Preloading 0 native plugins for Editor in 0.00 ms.
Mono: successfully reloaded assembly
- Completed reload, in  1.289 seconds
Platform modules already initialized, skipping
Switching build target platform(2) subTarget(0) extendedPlatform(0) -> platform(9) subTarget(16777218) extendedPlatform(0)
Refreshing native plugins compatible for Editor in 0.52 ms, found 2 plugins.
Preloading 0 native plugins for Editor in 0.00 ms.
Unloading 1860 Unused Serialized files (Serialized files now loaded: 0)
System memory in use before: 163.4 MB.
System memory in use after: 163.5 MB.

Unloading 19 unused Assets to reduce memory usage. Loaded Objects now: 2350.
Total: 2.186628 ms (FindLiveObjects: 0.188297 ms CreateObjectMapping: 0.070791 ms MarkObjects: 1.871034 ms  DeleteObjects: 0.055320 ms)

AssetImportParameters requested are different than current active one (requested -> active):
  custom:video-decoder-ogg-theora: a1e56fd34408186e4bbccfd4996cb3dc -> 
  custom:container-muxer-webm: aa71ff27fc2769a1b78a27578f13a17b -> 
  custom:container-demuxer-webm: 4f35f7cbe854078d1ac9338744f61a02 -> 
  custom:container-demuxer-ogg: 62fdf1f143b41e24485cea50d1cbac27 -> 
  custom:video-encoder-webm-vp8: eb34c28f22e8b96e1ab97ce403110664 -> 
  custom:framework-osx-AVFoundation: b23960f63f64bdc6ff669e2cdcee2391 -> 
  custom:video-decoder-webm-vp8: 9c59270c3fd7afecdb556c50c9e8de78 -> 
  custom:graphics/normal-map-encoding: 01000000000000000000000000000000 -> 02000000000000000000000000000000
  custom:audio-decoder-ogg-vorbis: bf7c407c2cedff20999df2af8eb42d56 -> 
  custom:audio-encoder-webm-vorbis: bf7c407c2cedff20999df2af8eb42d56 -> 
========================================================================
Received Prepare
Registering precompiled user dll's ...
Registered in 0.001637 seconds.
Begin MonoManager ReloadAssembly
Native extension for OSXStandalone target not found
Refreshing native plugins compatible for Editor in 0.53 ms, found 2 plugins.
Preloading 0 native plugins for Editor in 0.00 ms.
Mono: successfully reloaded assembly
- Completed reload, in  1.193 seconds
Platform modules already initialized, skipping
Switching build target platform(2) subTarget(0) extendedPlatform(0) -> platform(9) subTarget(16777218) extendedPlatform(0)
Refreshing native plugins compatible for Editor in 0.58 ms, found 2 plugins.
Preloading 0 native plugins for Editor in 0.00 ms.
Unloading 1860 Unused Serialized files (Serialized files now loaded: 0)
System memory in use before: 163.7 MB.
System memory in use after: 163.8 MB.

Unloading 19 unused Assets to reduce memory usage. Loaded Objects now: 2353.
Total: 2.030564 ms (FindLiveObjects: 0.182581 ms CreateObjectMapping: 0.064876 ms MarkObjects: 1.727886 ms  DeleteObjects: 0.054579 ms)

AssetImportParameters requested are different than current active one (requested -> active):
  custom:video-decoder-ogg-theora: a1e56fd34408186e4bbccfd4996cb3dc -> 
  custom:container-muxer-webm: aa71ff27fc2769a1b78a27578f13a17b -> 
  custom:container-demuxer-webm: 4f35f7cbe854078d1ac9338744f61a02 -> 
  custom:container-demuxer-ogg: 62fdf1f143b41e24485cea50d1cbac27 -> 
  custom:video-encoder-webm-vp8: eb34c28f22e8b96e1ab97ce403110664 -> 
  custom:framework-osx-AVFoundation: b23960f63f64bdc6ff669e2cdcee2391 -> 
  custom:video-decoder-webm-vp8: 9c59270c3fd7afecdb556c50c9e8de78 -> 
  custom:graphics/normal-map-encoding: 01000000000000000000000000000000 -> 02000000000000000000000000000000
  custom:audio-decoder-ogg-vorbis: bf7c407c2cedff20999df2af8eb42d56 -> 
  custom:audio-encoder-webm-vorbis: bf7c407c2cedff20999df2af8eb42d56 -> 
========================================================================
Received Prepare
Registering precompiled user dll's ...
Registered in 0.001691 seconds.
Begin MonoManager ReloadAssembly
Native extension for OSXStandalone target not found
Refreshing native plugins compatible for Editor in 0.55 ms, found 2 plugins.
Preloading 0 native plugins for Editor in 0.00 ms.
Mono: successfully reloaded assembly
- Completed reload, in  1.226 seconds
Platform modules already initialized, skipping
Switching build target platform(2) subTarget(0) extendedPlatform(0) -> platform(9) subTarget(16777218) extendedPlatform(0)
Refreshing native plugins compatible for Editor in 0.49 ms, found 2 plugins.
Preloading 0 native plugins for Editor in 0.00 ms.
Unloading 1860 Unused Serialized files (Serialized files now loaded: 0)
System memory in use before: 163.9 MB.
System memory in use after: 163.9 MB.

Unloading 19 unused Assets to reduce memory usage. Loaded Objects now: 2356.
Total: 2.344237 ms (FindLiveObjects: 0.183609 ms CreateObjectMapping: 0.071562 ms MarkObjects: 2.029758 ms  DeleteObjects: 0.058377 ms)

AssetImportParameters requested are different than current active one (requested -> active):
  custom:video-decoder-ogg-theora: a1e56fd34408186e4bbccfd4996cb3dc -> 
  custom:container-muxer-webm: aa71ff27fc2769a1b78a27578f13a17b -> 
  custom:container-demuxer-webm: 4f35f7cbe854078d1ac9338744f61a02 -> 
  custom:container-demuxer-ogg: 62fdf1f143b41e24485cea50d1cbac27 -> 
  custom:video-encoder-webm-vp8: eb34c28f22e8b96e1ab97ce403110664 -> 
  custom:framework-osx-AVFoundation: b23960f63f64bdc6ff669e2cdcee2391 -> 
  custom:video-decoder-webm-vp8: 9c59270c3fd7afecdb556c50c9e8de78 -> 
  custom:graphics/normal-map-encoding: 01000000000000000000000000000000 -> 02000000000000000000000000000000
  custom:audio-decoder-ogg-vorbis: bf7c407c2cedff20999df2af8eb42d56 -> 
  custom:audio-encoder-webm-vorbis: bf7c407c2cedff20999df2af8eb42d56 -> 
========================================================================
Received Prepare
Registering precompiled user dll's ...
Registered in 0.001732 seconds.
Begin MonoManager ReloadAssembly
Native extension for OSXStandalone target not found
Refreshing native plugins compatible for Editor in 0.75 ms, found 2 plugins.
Preloading 0 native plugins for Editor in 0.00 ms.
Mono: successfully reloaded assembly
- Completed reload, in  1.263 seconds
Platform modules already initialized, skipping
Switching build target platform(2) subTarget(0) extendedPlatform(0) -> platform(9) subTarget(16777218) extendedPlatform(0)
Refreshing native plugins compatible for Editor in 0.55 ms, found 2 plugins.
Preloading 0 native plugins for Editor in 0.00 ms.
Unloading 1860 Unused Serialized files (Serialized files now loaded: 0)
System memory in use before: 164.1 MB.
System memory in use after: 164.1 MB.

Unloading 19 unused Assets to reduce memory usage. Loaded Objects now: 2359.
Total: 2.714217 ms (FindLiveObjects: 0.262438 ms CreateObjectMapping: 0.188449 ms MarkObjects: 2.193689 ms  DeleteObjects: 0.068235 ms)

AssetImportParameters requested are different than current active one (requested -> active):
  custom:video-decoder-ogg-theora: a1e56fd34408186e4bbccfd4996cb3dc -> 
  custom:container-muxer-webm: aa71ff27fc2769a1b78a27578f13a17b -> 
  custom:container-demuxer-webm: 4f35f7cbe854078d1ac9338744f61a02 -> 
  custom:container-demuxer-ogg: 62fdf1f143b41e24485cea50d1cbac27 -> 
  custom:video-encoder-webm-vp8: eb34c28f22e8b96e1ab97ce403110664 -> 
  custom:framework-osx-AVFoundation: b23960f63f64bdc6ff669e2cdcee2391 -> 
  custom:video-decoder-webm-vp8: 9c59270c3fd7afecdb556c50c9e8de78 -> 
  custom:graphics/normal-map-encoding: 01000000000000000000000000000000 -> 02000000000000000000000000000000
  custom:audio-decoder-ogg-vorbis: bf7c407c2cedff20999df2af8eb42d56 -> 
  custom:audio-encoder-webm-vorbis: bf7c407c2cedff20999df2af8eb42d56 -> 
========================================================================
Received Prepare
Registering precompiled user dll's ...
Registered in 0.003635 seconds.
Begin MonoManager ReloadAssembly
Native extension for OSXStandalone target not found
Refreshing native plugins compatible for Editor in 0.55 ms, found 2 plugins.
Preloading 0 native plugins for Editor in 0.00 ms.
Mono: successfully reloaded assembly
- Completed reload, in  1.131 seconds
Platform modules already initialized, skipping
Switching build target platform(2) subTarget(0) extendedPlatform(0) -> platform(9) subTarget(16777218) extendedPlatform(0)
Refreshing native plugins compatible for Editor in 0.50 ms, found 2 plugins.
Preloading 0 native plugins for Editor in 0.00 ms.
Unloading 1860 Unused Serialized files (Serialized files now loaded: 0)
System memory in use before: 164.3 MB.
System memory in use after: 164.4 MB.

Unloading 19 unused Assets to reduce memory usage. Loaded Objects now: 2362.
Total: 2.657702 ms (FindLiveObjects: 0.349742 ms CreateObjectMapping: 0.157551 ms MarkObjects: 2.090338 ms  DeleteObjects: 0.059240 ms)

AssetImportParameters requested are different than current active one (requested -> active):
  custom:video-decoder-ogg-theora: a1e56fd34408186e4bbccfd4996cb3dc -> 
  custom:container-muxer-webm: aa71ff27fc2769a1b78a27578f13a17b -> 
  custom:container-demuxer-webm: 4f35f7cbe854078d1ac9338744f61a02 -> 
  custom:container-demuxer-ogg: 62fdf1f143b41e24485cea50d1cbac27 -> 
  custom:video-encoder-webm-vp8: eb34c28f22e8b96e1ab97ce403110664 -> 
  custom:framework-osx-AVFoundation: b23960f63f64bdc6ff669e2cdcee2391 -> 
  custom:video-decoder-webm-vp8: 9c59270c3fd7afecdb556c50c9e8de78 -> 
  custom:graphics/normal-map-encoding: 01000000000000000000000000000000 -> 02000000000000000000000000000000
  custom:audio-decoder-ogg-vorbis: bf7c407c2cedff20999df2af8eb42d56 -> 
  custom:audio-encoder-webm-vorbis: bf7c407c2cedff20999df2af8eb42d56 -> 
========================================================================
Received Import Request.
  Time since last request: 1062.461338 seconds.
  path: Assets/Scripts/Level Select/LevelButtonsScroller.cs
  artifactKey: Guid(a68b477549e324bcda2f9d538a7162a5) Importer(815301076,1909f56bfc062723c751e8b465ee728b)
Start importing Assets/Scripts/Level Select/LevelButtonsScroller.cs using Guid(a68b477549e324bcda2f9d538a7162a5) Importer(815301076,1909f56bfc062723c751e8b465ee728b)  -> (artifact id: '7e38dd595abb9de98b84a63fe3c69965') in 0.356664 seconds 
  Import took 0.363930 seconds .

========================================================================
Received Import Request.
  Time since last request: 0.843815 seconds.
  path: Assets/Scripts/Level Select/LevelSelectController.cs
  artifactKey: Guid(9359509f560454b14a27a5e7e088f500) Importer(815301076,1909f56bfc062723c751e8b465ee728b)
Start importing Assets/Scripts/Level Select/LevelSelectController.cs using Guid(9359509f560454b14a27a5e7e088f500) Importer(815301076,1909f56bfc062723c751e8b465ee728b)  -> (artifact id: 'd1a339e1fe045d3f6ef62c79187b5321') in 0.002350 seconds 
  Import took 0.006319 seconds .

========================================================================
Received Prepare
Registering precompiled user dll's ...
Registered in 0.008101 seconds.
Begin MonoManager ReloadAssembly
Native extension for OSXStandalone target not found
Refreshing native plugins compatible for Editor in 0.56 ms, found 2 plugins.
Preloading 0 native plugins for Editor in 0.00 ms.
Mono: successfully reloaded assembly
- Completed reload, in  1.399 seconds
Platform modules already initialized, skipping
Switching build target platform(2) subTarget(0) extendedPlatform(0) -> platform(9) subTarget(16777218) extendedPlatform(0)
Refreshing native plugins compatible for Editor in 0.50 ms, found 2 plugins.
Preloading 0 native plugins for Editor in 0.00 ms.
Unloading 1860 Unused Serialized files (Serialized files now loaded: 0)
System memory in use before: 168.8 MB.
System memory in use after: 168.9 MB.

Unloading 19 unused Assets to reduce memory usage. Loaded Objects now: 2365.
Total: 2.792255 ms (FindLiveObjects: 0.394722 ms CreateObjectMapping: 0.125204 ms MarkObjects: 2.188407 ms  DeleteObjects: 0.082971 ms)

AssetImportParameters requested are different than current active one (requested -> active):
  custom:video-decoder-ogg-theora: a1e56fd34408186e4bbccfd4996cb3dc -> 
  custom:container-muxer-webm: aa71ff27fc2769a1b78a27578f13a17b -> 
  custom:container-demuxer-webm: 4f35f7cbe854078d1ac9338744f61a02 -> 
  custom:container-demuxer-ogg: 62fdf1f143b41e24485cea50d1cbac27 -> 
  custom:video-encoder-webm-vp8: eb34c28f22e8b96e1ab97ce403110664 -> 
  custom:framework-osx-AVFoundation: b23960f63f64bdc6ff669e2cdcee2391 -> 
  custom:video-decoder-webm-vp8: 9c59270c3fd7afecdb556c50c9e8de78 -> 
  custom:graphics/normal-map-encoding: 01000000000000000000000000000000 -> 02000000000000000000000000000000
  custom:audio-decoder-ogg-vorbis: bf7c407c2cedff20999df2af8eb42d56 -> 
  custom:audio-encoder-webm-vorbis: bf7c407c2cedff20999df2af8eb42d56 -> 
========================================================================
Received Prepare
Registering precompiled user dll's ...
Registered in 0.001651 seconds.
Begin MonoManager ReloadAssembly
Native extension for OSXStandalone target not found
Refreshing native plugins compatible for Editor in 0.53 ms, found 2 plugins.
Preloading 0 native plugins for Editor in 0.00 ms.
Mono: successfully reloaded assembly
- Completed reload, in  1.195 seconds
Platform modules already initialized, skipping
Switching build target platform(2) subTarget(0) extendedPlatform(0) -> platform(9) subTarget(16777218) extendedPlatform(0)
Refreshing native plugins compatible for Editor in 0.45 ms, found 2 plugins.
Preloading 0 native plugins for Editor in 0.00 ms.
Unloading 1860 Unused Serialized files (Serialized files now loaded: 0)
System memory in use before: 169.0 MB.
System memory in use after: 169.1 MB.

Unloading 19 unused Assets to reduce memory usage. Loaded Objects now: 2368.
Total: 2.366806 ms (FindLiveObjects: 0.180345 ms CreateObjectMapping: 0.069212 ms MarkObjects: 2.060136 ms  DeleteObjects: 0.056309 ms)

AssetImportParameters requested are different than current active one (requested -> active):
  custom:video-decoder-ogg-theora: a1e56fd34408186e4bbccfd4996cb3dc -> 
  custom:container-muxer-webm: aa71ff27fc2769a1b78a27578f13a17b -> 
  custom:container-demuxer-webm: 4f35f7cbe854078d1ac9338744f61a02 -> 
  custom:container-demuxer-ogg: 62fdf1f143b41e24485cea50d1cbac27 -> 
  custom:video-encoder-webm-vp8: eb34c28f22e8b96e1ab97ce403110664 -> 
  custom:framework-osx-AVFoundation: b23960f63f64bdc6ff669e2cdcee2391 -> 
  custom:video-decoder-webm-vp8: 9c59270c3fd7afecdb556c50c9e8de78 -> 
  custom:graphics/normal-map-encoding: 01000000000000000000000000000000 -> 02000000000000000000000000000000
  custom:audio-decoder-ogg-vorbis: bf7c407c2cedff20999df2af8eb42d56 -> 
  custom:audio-encoder-webm-vorbis: bf7c407c2cedff20999df2af8eb42d56 -> 
========================================================================
Received Import Request.
  Time since last request: 101.411256 seconds.
  path: Assets/Scripts/LevelController.cs
  artifactKey: Guid(938c9588ccf7f4d02b5b92c622d69b0f) Importer(815301076,1909f56bfc062723c751e8b465ee728b)
Start importing Assets/Scripts/LevelController.cs using Guid(938c9588ccf7f4d02b5b92c622d69b0f) Importer(815301076,1909f56bfc062723c751e8b465ee728b)  -> (artifact id: '287097c016b2938d9bb7cbd94c6f2d2c') in 0.004698 seconds 
  Import took 0.008654 seconds .

========================================================================
Received Import Request.
  Time since last request: 0.033893 seconds.
  path: Assets/Scripts/LevelController.cs
  artifactKey: Guid(938c9588ccf7f4d02b5b92c622d69b0f) Importer(815301076,1909f56bfc062723c751e8b465ee728b)
Start importing Assets/Scripts/LevelController.cs using Guid(938c9588ccf7f4d02b5b92c622d69b0f) Importer(815301076,1909f56bfc062723c751e8b465ee728b)  -> (artifact id: '287097c016b2938d9bb7cbd94c6f2d2c') in 0.001096 seconds 
  Import took 0.004217 seconds .

========================================================================
Received Import Request.
  Time since last request: 17.057583 seconds.
  path: Assets/Scripts/SkyCamera.cs
  artifactKey: Guid(d2c74acda9000498397261897c156db9) Importer(815301076,1909f56bfc062723c751e8b465ee728b)
Start importing Assets/Scripts/SkyCamera.cs using Guid(d2c74acda9000498397261897c156db9) Importer(815301076,1909f56bfc062723c751e8b465ee728b)  -> (artifact id: 'bcda92e4ecca9b38379c626f186f8a67') in 0.002539 seconds 
  Import took 0.006586 seconds .

========================================================================
Received Import Request.
  Time since last request: 1.316951 seconds.
  path: Assets/Scripts/Switch.cs
  artifactKey: Guid(f71362444481c47eba8387ab20dc8a9f) Importer(815301076,1909f56bfc062723c751e8b465ee728b)
Start importing Assets/Scripts/Switch.cs using Guid(f71362444481c47eba8387ab20dc8a9f) Importer(815301076,1909f56bfc062723c751e8b465ee728b)  -> (artifact id: 'e229ec8364ca15559ad8033e80831a8a') in 0.002409 seconds 
  Import took 0.007296 seconds .

========================================================================
Received Import Request.
  Time since last request: 0.004292 seconds.
  path: Assets/Scripts/Switch.cs
  artifactKey: Guid(f71362444481c47eba8387ab20dc8a9f) Importer(815301076,1909f56bfc062723c751e8b465ee728b)
Start importing Assets/Scripts/Switch.cs using Guid(f71362444481c47eba8387ab20dc8a9f) Importer(815301076,1909f56bfc062723c751e8b465ee728b)  -> (artifact id: 'e229ec8364ca15559ad8033e80831a8a') in 0.001373 seconds 
  Import took 0.004057 seconds .

========================================================================
Received Import Request.
  Time since last request: 2.413994 seconds.
  path: Assets/Scripts/TopManager.cs
  artifactKey: Guid(92b289710630c4782919d027feb1f844) Importer(815301076,1909f56bfc062723c751e8b465ee728b)
Start importing Assets/Scripts/TopManager.cs using Guid(92b289710630c4782919d027feb1f844) Importer(815301076,1909f56bfc062723c751e8b465ee728b)  -> (artifact id: '780b9f7b83b6e1baa12dc99c8114fd98') in 0.001887 seconds 
  Import took 0.005802 seconds .

========================================================================
Received Prepare
Registering precompiled user dll's ...
Registered in 0.001658 seconds.
Begin MonoManager ReloadAssembly
Native extension for OSXStandalone target not found
Refreshing native plugins compatible for Editor in 0.54 ms, found 2 plugins.
Preloading 0 native plugins for Editor in 0.00 ms.
Mono: successfully reloaded assembly
- Completed reload, in  1.199 seconds
Platform modules already initialized, skipping
Switching build target platform(2) subTarget(0) extendedPlatform(0) -> platform(9) subTarget(16777218) extendedPlatform(0)
Refreshing native plugins compatible for Editor in 0.49 ms, found 2 plugins.
Preloading 0 native plugins for Editor in 0.00 ms.
Unloading 1860 Unused Serialized files (Serialized files now loaded: 0)
System memory in use before: 169.2 MB.
System memory in use after: 169.3 MB.

Unloading 19 unused Assets to reduce memory usage. Loaded Objects now: 2371.
Total: 2.074327 ms (FindLiveObjects: 0.182319 ms CreateObjectMapping: 0.069347 ms MarkObjects: 1.770211 ms  DeleteObjects: 0.051719 ms)

AssetImportParameters requested are different than current active one (requested -> active):
  custom:video-decoder-ogg-theora: a1e56fd34408186e4bbccfd4996cb3dc -> 
  custom:container-muxer-webm: aa71ff27fc2769a1b78a27578f13a17b -> 
  custom:container-demuxer-webm: 4f35f7cbe854078d1ac9338744f61a02 -> 
  custom:container-demuxer-ogg: 62fdf1f143b41e24485cea50d1cbac27 -> 
  custom:video-encoder-webm-vp8: eb34c28f22e8b96e1ab97ce403110664 -> 
  custom:framework-osx-AVFoundation: b23960f63f64bdc6ff669e2cdcee2391 -> 
  custom:video-decoder-webm-vp8: 9c59270c3fd7afecdb556c50c9e8de78 -> 
  custom:graphics/normal-map-encoding: 01000000000000000000000000000000 -> 02000000000000000000000000000000
  custom:audio-decoder-ogg-vorbis: bf7c407c2cedff20999df2af8eb42d56 -> 
  custom:audio-encoder-webm-vorbis: bf7c407c2cedff20999df2af8eb42d56 -> 
========================================================================
Received Import Request.
  Time since last request: 39.288816 seconds.
  path: Assets/Scripts/Save System/AllRecord.cs
  artifactKey: Guid(4845bd322045148a3a012dce54c6c578) Importer(815301076,1909f56bfc062723c751e8b465ee728b)
Start importing Assets/Scripts/Save System/AllRecord.cs using Guid(4845bd322045148a3a012dce54c6c578) Importer(815301076,1909f56bfc062723c751e8b465ee728b)  -> (artifact id: 'e5af2c3fe6a062c6947dfe09294b6be5') in 0.006565 seconds 
  Import took 0.011037 seconds .

========================================================================
Received Import Request.
  Time since last request: 4.865204 seconds.
  path: Assets/Scripts/Save System/JsonHelper.cs
  artifactKey: Guid(997231fbb21f74d2a85b02d1a8c663ba) Importer(815301076,1909f56bfc062723c751e8b465ee728b)
Start importing Assets/Scripts/Save System/JsonHelper.cs using Guid(997231fbb21f74d2a85b02d1a8c663ba) Importer(815301076,1909f56bfc062723c751e8b465ee728b)  -> (artifact id: 'b430cb2200076ae5682c5b57869214c7') in 0.002469 seconds 
  Import took 0.006721 seconds .

========================================================================
Received Import Request.
  Time since last request: 0.000869 seconds.
  path: Assets/Scripts/Save System/JsonHelper.cs
  artifactKey: Guid(997231fbb21f74d2a85b02d1a8c663ba) Importer(815301076,1909f56bfc062723c751e8b465ee728b)
Start importing Assets/Scripts/Save System/JsonHelper.cs using Guid(997231fbb21f74d2a85b02d1a8c663ba) Importer(815301076,1909f56bfc062723c751e8b465ee728b)  -> (artifact id: 'b430cb2200076ae5682c5b57869214c7') in 0.001406 seconds 
  Import took 0.004033 seconds .

========================================================================
Received Import Request.
  Time since last request: 24.388067 seconds.
  path: Assets/Scripts/GoodCube.cs
  artifactKey: Guid(555645eebbda840f1b033ab738cb0477) Importer(815301076,1909f56bfc062723c751e8b465ee728b)
Start importing Assets/Scripts/GoodCube.cs using Guid(555645eebbda840f1b033ab738cb0477) Importer(815301076,1909f56bfc062723c751e8b465ee728b)  -> (artifact id: 'd987c3529a9d80227dff00f3aed2de12') in 0.002589 seconds 
  Import took 0.006822 seconds .

========================================================================
Received Import Request.
  Time since last request: 22.712100 seconds.
  path: Assets/Scripts/Collectibles
  artifactKey: Guid(cabe93ab7946b40dfafdee243034f205) Importer(815301076,1909f56bfc062723c751e8b465ee728b)
Start importing Assets/Scripts/Collectibles using Guid(cabe93ab7946b40dfafdee243034f205) Importer(815301076,1909f56bfc062723c751e8b465ee728b)  -> (artifact id: 'a49a0663e5f2012c24ed424291eaa3c9') in 0.001801 seconds 
  Import took 0.005472 seconds .

========================================================================
Received Prepare
Registering precompiled user dll's ...
Registered in 0.001673 seconds.
Begin MonoManager ReloadAssembly
Native extension for OSXStandalone target not found
Refreshing native plugins compatible for Editor in 0.58 ms, found 2 plugins.
Preloading 0 native plugins for Editor in 0.00 ms.
Mono: successfully reloaded assembly
- Completed reload, in  1.200 seconds
Platform modules already initialized, skipping
Switching build target platform(2) subTarget(0) extendedPlatform(0) -> platform(9) subTarget(16777218) extendedPlatform(0)
Refreshing native plugins compatible for Editor in 0.49 ms, found 2 plugins.
Preloading 0 native plugins for Editor in 0.00 ms.
Unloading 1860 Unused Serialized files (Serialized files now loaded: 0)
System memory in use before: 169.4 MB.
System memory in use after: 169.5 MB.

Unloading 19 unused Assets to reduce memory usage. Loaded Objects now: 2374.
Total: 2.036149 ms (FindLiveObjects: 0.190135 ms CreateObjectMapping: 0.065549 ms MarkObjects: 1.728634 ms  DeleteObjects: 0.051045 ms)

AssetImportParameters requested are different than current active one (requested -> active):
  custom:video-decoder-ogg-theora: a1e56fd34408186e4bbccfd4996cb3dc -> 
  custom:container-muxer-webm: aa71ff27fc2769a1b78a27578f13a17b -> 
  custom:container-demuxer-webm: 4f35f7cbe854078d1ac9338744f61a02 -> 
  custom:container-demuxer-ogg: 62fdf1f143b41e24485cea50d1cbac27 -> 
  custom:video-encoder-webm-vp8: eb34c28f22e8b96e1ab97ce403110664 -> 
  custom:framework-osx-AVFoundation: b23960f63f64bdc6ff669e2cdcee2391 -> 
  custom:video-decoder-webm-vp8: 9c59270c3fd7afecdb556c50c9e8de78 -> 
  custom:graphics/normal-map-encoding: 01000000000000000000000000000000 -> 02000000000000000000000000000000
  custom:audio-decoder-ogg-vorbis: bf7c407c2cedff20999df2af8eb42d56 -> 
  custom:audio-encoder-webm-vorbis: bf7c407c2cedff20999df2af8eb42d56 -> 
========================================================================
Received Import Request.
  Time since last request: 99.927362 seconds.
  path: Assets/Scripts/Experimental
  artifactKey: Guid(64d9ec7d04ba34b318147f3995ef2576) Importer(815301076,1909f56bfc062723c751e8b465ee728b)
Start importing Assets/Scripts/Experimental using Guid(64d9ec7d04ba34b318147f3995ef2576) Importer(815301076,1909f56bfc062723c751e8b465ee728b)  -> (artifact id: '5251ebf982081a40b54c0d340d438b86') in 0.005210 seconds 
  Import took 0.009549 seconds .

========================================================================
Received Prepare
Registering precompiled user dll's ...
Registered in 0.003606 seconds.
Begin MonoManager ReloadAssembly
Native extension for OSXStandalone target not found
Refreshing native plugins compatible for Editor in 0.56 ms, found 2 plugins.
Preloading 0 native plugins for Editor in 0.00 ms.
Mono: successfully reloaded assembly
- Completed reload, in  1.189 seconds
Platform modules already initialized, skipping
Switching build target platform(2) subTarget(0) extendedPlatform(0) -> platform(9) subTarget(16777218) extendedPlatform(0)
Refreshing native plugins compatible for Editor in 0.44 ms, found 2 plugins.
Preloading 0 native plugins for Editor in 0.00 ms.
Unloading 1860 Unused Serialized files (Serialized files now loaded: 0)
System memory in use before: 169.6 MB.
System memory in use after: 169.7 MB.

Unloading 19 unused Assets to reduce memory usage. Loaded Objects now: 2377.
Total: 2.617503 ms (FindLiveObjects: 0.389298 ms CreateObjectMapping: 0.144126 ms MarkObjects: 2.028179 ms  DeleteObjects: 0.055121 ms)

AssetImportParameters requested are different than current active one (requested -> active):
  custom:video-decoder-ogg-theora: a1e56fd34408186e4bbccfd4996cb3dc -> 
  custom:container-muxer-webm: aa71ff27fc2769a1b78a27578f13a17b -> 
  custom:container-demuxer-webm: 4f35f7cbe854078d1ac9338744f61a02 -> 
  custom:container-demuxer-ogg: 62fdf1f143b41e24485cea50d1cbac27 -> 
  custom:video-encoder-webm-vp8: eb34c28f22e8b96e1ab97ce403110664 -> 
  custom:framework-osx-AVFoundation: b23960f63f64bdc6ff669e2cdcee2391 -> 
  custom:video-decoder-webm-vp8: 9c59270c3fd7afecdb556c50c9e8de78 -> 
  custom:graphics/normal-map-encoding: 01000000000000000000000000000000 -> 02000000000000000000000000000000
  custom:audio-decoder-ogg-vorbis: bf7c407c2cedff20999df2af8eb42d56 -> 
  custom:audio-encoder-webm-vorbis: bf7c407c2cedff20999df2af8eb42d56 -> 
========================================================================
Received Import Request.
  Time since last request: 68.145109 seconds.
  path: Assets/Scripts/Game Mechanics
  artifactKey: Guid(9554acfcdde6145bba1d3a40128e1e92) Importer(815301076,1909f56bfc062723c751e8b465ee728b)
Start importing Assets/Scripts/Game Mechanics using Guid(9554acfcdde6145bba1d3a40128e1e92) Importer(815301076,1909f56bfc062723c751e8b465ee728b)  -> (artifact id: 'b2c5f02b1e358e7e2cfae8e7689d7bb3') in 0.004752 seconds 
  Import took 0.008621 seconds .

========================================================================
Received Prepare
Registering precompiled user dll's ...
Registered in 0.002997 seconds.
Begin MonoManager ReloadAssembly
Native extension for OSXStandalone target not found
Refreshing native plugins compatible for Editor in 0.55 ms, found 2 plugins.
Preloading 0 native plugins for Editor in 0.00 ms.
Mono: successfully reloaded assembly
- Completed reload, in  1.191 seconds
Platform modules already initialized, skipping
Switching build target platform(2) subTarget(0) extendedPlatform(0) -> platform(9) subTarget(16777218) extendedPlatform(0)
Refreshing native plugins compatible for Editor in 0.48 ms, found 2 plugins.
Preloading 0 native plugins for Editor in 0.00 ms.
Unloading 1860 Unused Serialized files (Serialized files now loaded: 0)
System memory in use before: 169.8 MB.
System memory in use after: 169.9 MB.

Unloading 19 unused Assets to reduce memory usage. Loaded Objects now: 2380.
Total: 2.116750 ms (FindLiveObjects: 0.255779 ms CreateObjectMapping: 0.083831 ms MarkObjects: 1.723574 ms  DeleteObjects: 0.052717 ms)

AssetImportParameters requested are different than current active one (requested -> active):
  custom:video-decoder-ogg-theora: a1e56fd34408186e4bbccfd4996cb3dc -> 
  custom:container-muxer-webm: aa71ff27fc2769a1b78a27578f13a17b -> 
  custom:container-demuxer-webm: 4f35f7cbe854078d1ac9338744f61a02 -> 
  custom:container-demuxer-ogg: 62fdf1f143b41e24485cea50d1cbac27 -> 
  custom:video-encoder-webm-vp8: eb34c28f22e8b96e1ab97ce403110664 -> 
  custom:framework-osx-AVFoundation: b23960f63f64bdc6ff669e2cdcee2391 -> 
  custom:video-decoder-webm-vp8: 9c59270c3fd7afecdb556c50c9e8de78 -> 
  custom:graphics/normal-map-encoding: 01000000000000000000000000000000 -> 02000000000000000000000000000000
  custom:audio-decoder-ogg-vorbis: bf7c407c2cedff20999df2af8eb42d56 -> 
  custom:audio-encoder-webm-vorbis: bf7c407c2cedff20999df2af8eb42d56 -> 
========================================================================
Received Prepare
Registering precompiled user dll's ...
Registered in 0.003641 seconds.
Begin MonoManager ReloadAssembly
Native extension for OSXStandalone target not found
Refreshing native plugins compatible for Editor in 0.54 ms, found 2 plugins.
Preloading 0 native plugins for Editor in 0.00 ms.
Mono: successfully reloaded assembly
- Completed reload, in  1.220 seconds
Platform modules already initialized, skipping
Switching build target platform(2) subTarget(0) extendedPlatform(0) -> platform(9) subTarget(16777218) extendedPlatform(0)
Refreshing native plugins compatible for Editor in 0.46 ms, found 2 plugins.
Preloading 0 native plugins for Editor in 0.00 ms.
Unloading 1860 Unused Serialized files (Serialized files now loaded: 0)
System memory in use before: 170.0 MB.
System memory in use after: 170.1 MB.

Unloading 19 unused Assets to reduce memory usage. Loaded Objects now: 2383.
Total: 2.805133 ms (FindLiveObjects: 0.316666 ms CreateObjectMapping: 0.225955 ms MarkObjects: 2.206772 ms  DeleteObjects: 0.054831 ms)

AssetImportParameters requested are different than current active one (requested -> active):
  custom:video-decoder-ogg-theora: a1e56fd34408186e4bbccfd4996cb3dc -> 
  custom:container-muxer-webm: aa71ff27fc2769a1b78a27578f13a17b -> 
  custom:container-demuxer-webm: 4f35f7cbe854078d1ac9338744f61a02 -> 
  custom:container-demuxer-ogg: 62fdf1f143b41e24485cea50d1cbac27 -> 
  custom:video-encoder-webm-vp8: eb34c28f22e8b96e1ab97ce403110664 -> 
  custom:framework-osx-AVFoundation: b23960f63f64bdc6ff669e2cdcee2391 -> 
  custom:video-decoder-webm-vp8: 9c59270c3fd7afecdb556c50c9e8de78 -> 
  custom:graphics/normal-map-encoding: 01000000000000000000000000000000 -> 02000000000000000000000000000000
  custom:audio-decoder-ogg-vorbis: bf7c407c2cedff20999df2af8eb42d56 -> 
  custom:audio-encoder-webm-vorbis: bf7c407c2cedff20999df2af8eb42d56 -> 
========================================================================
Received Prepare
Registering precompiled user dll's ...
Registered in 0.006191 seconds.
Begin MonoManager ReloadAssembly
Native extension for OSXStandalone target not found
Refreshing native plugins compatible for Editor in 0.53 ms, found 2 plugins.
Preloading 0 native plugins for Editor in 0.00 ms.
Mono: successfully reloaded assembly
- Completed reload, in  1.277 seconds
Platform modules already initialized, skipping
Switching build target platform(2) subTarget(0) extendedPlatform(0) -> platform(9) subTarget(16777218) extendedPlatform(0)
Refreshing native plugins compatible for Editor in 0.59 ms, found 2 plugins.
Preloading 0 native plugins for Editor in 0.00 ms.
Unloading 1860 Unused Serialized files (Serialized files now loaded: 0)
System memory in use before: 170.2 MB.
System memory in use after: 170.3 MB.

Unloading 19 unused Assets to reduce memory usage. Loaded Objects now: 2386.
Total: 2.698185 ms (FindLiveObjects: 0.255489 ms CreateObjectMapping: 0.084068 ms MarkObjects: 2.299440 ms  DeleteObjects: 0.058204 ms)

AssetImportParameters requested are different than current active one (requested -> active):
  custom:video-decoder-ogg-theora: a1e56fd34408186e4bbccfd4996cb3dc -> 
  custom:container-muxer-webm: aa71ff27fc2769a1b78a27578f13a17b -> 
  custom:container-demuxer-webm: 4f35f7cbe854078d1ac9338744f61a02 -> 
  custom:container-demuxer-ogg: 62fdf1f143b41e24485cea50d1cbac27 -> 
  custom:video-encoder-webm-vp8: eb34c28f22e8b96e1ab97ce403110664 -> 
  custom:framework-osx-AVFoundation: b23960f63f64bdc6ff669e2cdcee2391 -> 
  custom:video-decoder-webm-vp8: 9c59270c3fd7afecdb556c50c9e8de78 -> 
  custom:graphics/normal-map-encoding: 01000000000000000000000000000000 -> 02000000000000000000000000000000
  custom:audio-decoder-ogg-vorbis: bf7c407c2cedff20999df2af8eb42d56 -> 
  custom:audio-encoder-webm-vorbis: bf7c407c2cedff20999df2af8eb42d56 -> 
========================================================================
Received Import Request.
  Time since last request: 88.886032 seconds.
  path: Assets/Scripts/Movement Automation
  artifactKey: Guid(e4677a967e9b04eb68b9aeadec5a2942) Importer(815301076,1909f56bfc062723c751e8b465ee728b)
Start importing Assets/Scripts/Movement Automation using Guid(e4677a967e9b04eb68b9aeadec5a2942) Importer(815301076,1909f56bfc062723c751e8b465ee728b)  -> (artifact id: '3d12d6ecb493570867cdfd31f528a126') in 0.005805 seconds 
  Import took 0.010133 seconds .

========================================================================
Received Prepare
Registering precompiled user dll's ...
Registered in 0.004329 seconds.
Begin MonoManager ReloadAssembly
Native extension for OSXStandalone target not found
Refreshing native plugins compatible for Editor in 0.54 ms, found 2 plugins.
Preloading 0 native plugins for Editor in 0.00 ms.
Mono: successfully reloaded assembly
- Completed reload, in  1.239 seconds
Platform modules already initialized, skipping
Switching build target platform(2) subTarget(0) extendedPlatform(0) -> platform(9) subTarget(16777218) extendedPlatform(0)
Refreshing native plugins compatible for Editor in 0.45 ms, found 2 plugins.
Preloading 0 native plugins for Editor in 0.00 ms.
Unloading 1860 Unused Serialized files (Serialized files now loaded: 0)
System memory in use before: 170.4 MB.
System memory in use after: 170.5 MB.

Unloading 19 unused Assets to reduce memory usage. Loaded Objects now: 2389.
Total: 2.062269 ms (FindLiveObjects: 0.189212 ms CreateObjectMapping: 0.070616 ms MarkObjects: 1.749692 ms  DeleteObjects: 0.051965 ms)

AssetImportParameters requested are different than current active one (requested -> active):
  custom:video-decoder-ogg-theora: a1e56fd34408186e4bbccfd4996cb3dc -> 
  custom:container-muxer-webm: aa71ff27fc2769a1b78a27578f13a17b -> 
  custom:container-demuxer-webm: 4f35f7cbe854078d1ac9338744f61a02 -> 
  custom:container-demuxer-ogg: 62fdf1f143b41e24485cea50d1cbac27 -> 
  custom:video-encoder-webm-vp8: eb34c28f22e8b96e1ab97ce403110664 -> 
  custom:framework-osx-AVFoundation: b23960f63f64bdc6ff669e2cdcee2391 -> 
  custom:video-decoder-webm-vp8: 9c59270c3fd7afecdb556c50c9e8de78 -> 
  custom:graphics/normal-map-encoding: 01000000000000000000000000000000 -> 02000000000000000000000000000000
  custom:audio-decoder-ogg-vorbis: bf7c407c2cedff20999df2af8eb42d56 -> 
  custom:audio-encoder-webm-vorbis: bf7c407c2cedff20999df2af8eb42d56 -> 
========================================================================
Received Prepare
Registering precompiled user dll's ...
Registered in 0.001981 seconds.
Begin MonoManager ReloadAssembly
Native extension for OSXStandalone target not found
Refreshing native plugins compatible for Editor in 0.54 ms, found 2 plugins.
Preloading 0 native plugins for Editor in 0.00 ms.
Mono: successfully reloaded assembly
- Completed reload, in  1.212 seconds
Platform modules already initialized, skipping
Switching build target platform(2) subTarget(0) extendedPlatform(0) -> platform(9) subTarget(16777218) extendedPlatform(0)
Refreshing native plugins compatible for Editor in 0.43 ms, found 2 plugins.
Preloading 0 native plugins for Editor in 0.00 ms.
Unloading 1860 Unused Serialized files (Serialized files now loaded: 0)
System memory in use before: 170.6 MB.
System memory in use after: 170.7 MB.

Unloading 19 unused Assets to reduce memory usage. Loaded Objects now: 2392.
Total: 2.077059 ms (FindLiveObjects: 0.223892 ms CreateObjectMapping: 0.067337 ms MarkObjects: 1.734913 ms  DeleteObjects: 0.050215 ms)

AssetImportParameters requested are different than current active one (requested -> active):
  custom:video-decoder-ogg-theora: a1e56fd34408186e4bbccfd4996cb3dc -> 
  custom:container-muxer-webm: aa71ff27fc2769a1b78a27578f13a17b -> 
  custom:container-demuxer-webm: 4f35f7cbe854078d1ac9338744f61a02 -> 
  custom:container-demuxer-ogg: 62fdf1f143b41e24485cea50d1cbac27 -> 
  custom:video-encoder-webm-vp8: eb34c28f22e8b96e1ab97ce403110664 -> 
  custom:framework-osx-AVFoundation: b23960f63f64bdc6ff669e2cdcee2391 -> 
  custom:video-decoder-webm-vp8: 9c59270c3fd7afecdb556c50c9e8de78 -> 
  custom:graphics/normal-map-encoding: 01000000000000000000000000000000 -> 02000000000000000000000000000000
  custom:audio-decoder-ogg-vorbis: bf7c407c2cedff20999df2af8eb42d56 -> 
  custom:audio-encoder-webm-vorbis: bf7c407c2cedff20999df2af8eb42d56 -> 
========================================================================
Received Prepare
Registering precompiled user dll's ...
Registered in 0.004914 seconds.
Begin MonoManager ReloadAssembly
Native extension for OSXStandalone target not found
Refreshing native plugins compatible for Editor in 0.53 ms, found 2 plugins.
Preloading 0 native plugins for Editor in 0.00 ms.
Mono: successfully reloaded assembly
- Completed reload, in  1.220 seconds
Platform modules already initialized, skipping
Switching build target platform(2) subTarget(0) extendedPlatform(0) -> platform(9) subTarget(16777218) extendedPlatform(0)
Refreshing native plugins compatible for Editor in 0.46 ms, found 2 plugins.
Preloading 0 native plugins for Editor in 0.00 ms.
Unloading 1860 Unused Serialized files (Serialized files now loaded: 0)
System memory in use before: 170.8 MB.
System memory in use after: 170.9 MB.

Unloading 19 unused Assets to reduce memory usage. Loaded Objects now: 2395.
Total: 2.320544 ms (FindLiveObjects: 0.326160 ms CreateObjectMapping: 0.117020 ms MarkObjects: 1.820384 ms  DeleteObjects: 0.056266 ms)

AssetImportParameters requested are different than current active one (requested -> active):
  custom:video-decoder-ogg-theora: a1e56fd34408186e4bbccfd4996cb3dc -> 
  custom:container-muxer-webm: aa71ff27fc2769a1b78a27578f13a17b -> 
  custom:container-demuxer-webm: 4f35f7cbe854078d1ac9338744f61a02 -> 
  custom:container-demuxer-ogg: 62fdf1f143b41e24485cea50d1cbac27 -> 
  custom:video-encoder-webm-vp8: eb34c28f22e8b96e1ab97ce403110664 -> 
  custom:framework-osx-AVFoundation: b23960f63f64bdc6ff669e2cdcee2391 -> 
  custom:video-decoder-webm-vp8: 9c59270c3fd7afecdb556c50c9e8de78 -> 
  custom:graphics/normal-map-encoding: 01000000000000000000000000000000 -> 02000000000000000000000000000000
  custom:audio-decoder-ogg-vorbis: bf7c407c2cedff20999df2af8eb42d56 -> 
  custom:audio-encoder-webm-vorbis: bf7c407c2cedff20999df2af8eb42d56 -> 
========================================================================
Received Prepare
Registering precompiled user dll's ...
Registered in 0.004531 seconds.
Begin MonoManager ReloadAssembly
Native extension for OSXStandalone target not found
Refreshing native plugins compatible for Editor in 0.53 ms, found 2 plugins.
Preloading 0 native plugins for Editor in 0.00 ms.
Mono: successfully reloaded assembly
- Completed reload, in  1.201 seconds
Platform modules already initialized, skipping
Switching build target platform(2) subTarget(0) extendedPlatform(0) -> platform(9) subTarget(16777218) extendedPlatform(0)
Refreshing native plugins compatible for Editor in 0.59 ms, found 2 plugins.
Preloading 0 native plugins for Editor in 0.00 ms.
Unloading 1860 Unused Serialized files (Serialized files now loaded: 0)
System memory in use before: 171.1 MB.
System memory in use after: 171.2 MB.

Unloading 19 unused Assets to reduce memory usage. Loaded Objects now: 2398.
Total: 1.957746 ms (FindLiveObjects: 0.174539 ms CreateObjectMapping: 0.065080 ms MarkObjects: 1.667198 ms  DeleteObjects: 0.050029 ms)

AssetImportParameters requested are different than current active one (requested -> active):
  custom:video-decoder-ogg-theora: a1e56fd34408186e4bbccfd4996cb3dc -> 
  custom:container-muxer-webm: aa71ff27fc2769a1b78a27578f13a17b -> 
  custom:container-demuxer-webm: 4f35f7cbe854078d1ac9338744f61a02 -> 
  custom:container-demuxer-ogg: 62fdf1f143b41e24485cea50d1cbac27 -> 
  custom:video-encoder-webm-vp8: eb34c28f22e8b96e1ab97ce403110664 -> 
  custom:framework-osx-AVFoundation: b23960f63f64bdc6ff669e2cdcee2391 -> 
  custom:video-decoder-webm-vp8: 9c59270c3fd7afecdb556c50c9e8de78 -> 
  custom:graphics/normal-map-encoding: 01000000000000000000000000000000 -> 02000000000000000000000000000000
  custom:audio-decoder-ogg-vorbis: bf7c407c2cedff20999df2af8eb42d56 -> 
  custom:audio-encoder-webm-vorbis: bf7c407c2cedff20999df2af8eb42d56 -> 
========================================================================
Received Import Request.
  Time since last request: 78.861198 seconds.
  path: Assets/Scripts/Ingame Controllers
  artifactKey: Guid(7c0d0c147f2fa428884761320f685183) Importer(815301076,1909f56bfc062723c751e8b465ee728b)
Start importing Assets/Scripts/Ingame Controllers using Guid(7c0d0c147f2fa428884761320f685183) Importer(815301076,1909f56bfc062723c751e8b465ee728b)  -> (artifact id: 'c2eabcee9ba47232c8404f659f9dd9a1') in 0.005613 seconds 
  Import took 0.009626 seconds .

========================================================================
Received Import Request.
  Time since last request: 7.419400 seconds.
  path: Assets/Scripts/Tilting.cs
  artifactKey: Guid(544fded00c07e4d46a83a4db6a2b1fd0) Importer(815301076,1909f56bfc062723c751e8b465ee728b)
Start importing Assets/Scripts/Tilting.cs using Guid(544fded00c07e4d46a83a4db6a2b1fd0) Importer(815301076,1909f56bfc062723c751e8b465ee728b)  -> (artifact id: '71784a6cd480cb966de95ee20aaaf9f8') in 0.002519 seconds 
  Import took 0.006236 seconds .

========================================================================
Received Import Request.
  Time since last request: 0.002792 seconds.
  path: Assets/Scripts/Tilting.cs
  artifactKey: Guid(544fded00c07e4d46a83a4db6a2b1fd0) Importer(815301076,1909f56bfc062723c751e8b465ee728b)
Start importing Assets/Scripts/Tilting.cs using Guid(544fded00c07e4d46a83a4db6a2b1fd0) Importer(815301076,1909f56bfc062723c751e8b465ee728b)  -> (artifact id: '71784a6cd480cb966de95ee20aaaf9f8') in 0.001307 seconds 
  Import took 0.004210 seconds .

========================================================================
Received Prepare
Registering precompiled user dll's ...
Registered in 0.003544 seconds.
Begin MonoManager ReloadAssembly
Native extension for OSXStandalone target not found
Refreshing native plugins compatible for Editor in 0.54 ms, found 2 plugins.
Preloading 0 native plugins for Editor in 0.00 ms.
Mono: successfully reloaded assembly
- Completed reload, in  1.258 seconds
Platform modules already initialized, skipping
Switching build target platform(2) subTarget(0) extendedPlatform(0) -> platform(9) subTarget(16777218) extendedPlatform(0)
Refreshing native plugins compatible for Editor in 0.52 ms, found 2 plugins.
Preloading 0 native plugins for Editor in 0.00 ms.
Unloading 1860 Unused Serialized files (Serialized files now loaded: 0)
System memory in use before: 171.3 MB.
System memory in use after: 171.4 MB.

Unloading 19 unused Assets to reduce memory usage. Loaded Objects now: 2401.
Total: 2.291340 ms (FindLiveObjects: 0.220644 ms CreateObjectMapping: 0.069730 ms MarkObjects: 1.931413 ms  DeleteObjects: 0.068545 ms)

AssetImportParameters requested are different than current active one (requested -> active):
  custom:video-decoder-ogg-theora: a1e56fd34408186e4bbccfd4996cb3dc -> 
  custom:container-muxer-webm: aa71ff27fc2769a1b78a27578f13a17b -> 
  custom:container-demuxer-webm: 4f35f7cbe854078d1ac9338744f61a02 -> 
  custom:container-demuxer-ogg: 62fdf1f143b41e24485cea50d1cbac27 -> 
  custom:video-encoder-webm-vp8: eb34c28f22e8b96e1ab97ce403110664 -> 
  custom:framework-osx-AVFoundation: b23960f63f64bdc6ff669e2cdcee2391 -> 
  custom:video-decoder-webm-vp8: 9c59270c3fd7afecdb556c50c9e8de78 -> 
  custom:graphics/normal-map-encoding: 01000000000000000000000000000000 -> 02000000000000000000000000000000
  custom:audio-decoder-ogg-vorbis: bf7c407c2cedff20999df2af8eb42d56 -> 
  custom:audio-encoder-webm-vorbis: bf7c407c2cedff20999df2af8eb42d56 -> 
========================================================================
Received Prepare
Registering precompiled user dll's ...
Registered in 0.007990 seconds.
Begin MonoManager ReloadAssembly
Native extension for OSXStandalone target not found
Refreshing native plugins compatible for Editor in 0.52 ms, found 2 plugins.
Preloading 0 native plugins for Editor in 0.00 ms.
Mono: successfully reloaded assembly
- Completed reload, in  1.293 seconds
Platform modules already initialized, skipping
Switching build target platform(2) subTarget(0) extendedPlatform(0) -> platform(9) subTarget(16777218) extendedPlatform(0)
Refreshing native plugins compatible for Editor in 0.52 ms, found 2 plugins.
Preloading 0 native plugins for Editor in 0.00 ms.
Unloading 1860 Unused Serialized files (Serialized files now loaded: 0)
System memory in use before: 171.5 MB.
System memory in use after: 171.6 MB.

Unloading 19 unused Assets to reduce memory usage. Loaded Objects now: 2404.
Total: 2.176325 ms (FindLiveObjects: 0.201175 ms CreateObjectMapping: 0.062403 ms MarkObjects: 1.858135 ms  DeleteObjects: 0.053854 ms)

AssetImportParameters requested are different than current active one (requested -> active):
  custom:video-decoder-ogg-theora: a1e56fd34408186e4bbccfd4996cb3dc -> 
  custom:container-muxer-webm: aa71ff27fc2769a1b78a27578f13a17b -> 
  custom:container-demuxer-webm: 4f35f7cbe854078d1ac9338744f61a02 -> 
  custom:container-demuxer-ogg: 62fdf1f143b41e24485cea50d1cbac27 -> 
  custom:video-encoder-webm-vp8: eb34c28f22e8b96e1ab97ce403110664 -> 
  custom:framework-osx-AVFoundation: b23960f63f64bdc6ff669e2cdcee2391 -> 
  custom:video-decoder-webm-vp8: 9c59270c3fd7afecdb556c50c9e8de78 -> 
  custom:graphics/normal-map-encoding: 01000000000000000000000000000000 -> 02000000000000000000000000000000
  custom:audio-decoder-ogg-vorbis: bf7c407c2cedff20999df2af8eb42d56 -> 
  custom:audio-encoder-webm-vorbis: bf7c407c2cedff20999df2af8eb42d56 -> 
========================================================================
Received Import Request.
  Time since last request: 136.203138 seconds.
  path: Assets/Scenes/FinalBeta/FinalBeta LevelSCO/FinalBeta.asset
  artifactKey: Guid(6372e69f7e63f454faf9cf3c1233573c) Importer(815301076,1909f56bfc062723c751e8b465ee728b)
Start importing Assets/Scenes/FinalBeta/FinalBeta LevelSCO/FinalBeta.asset using Guid(6372e69f7e63f454faf9cf3c1233573c) Importer(815301076,1909f56bfc062723c751e8b465ee728b)  -> (artifact id: 'f94dc3babf6b72abfcbb8b334119ae6b') in 0.296842 seconds 
  Import took 0.301411 seconds .

========================================================================
Received Import Request.
  Time since last request: 0.000214 seconds.
  path: Assets/Scenes/FinalBeta/FinalBeta LevelSCO/FB2-Slants 1.asset
  artifactKey: Guid(74566f051812145b4a9bb7496f55bee8) Importer(815301076,1909f56bfc062723c751e8b465ee728b)
Start importing Assets/Scenes/FinalBeta/FinalBeta LevelSCO/FB2-Slants 1.asset using Guid(74566f051812145b4a9bb7496f55bee8) Importer(815301076,1909f56bfc062723c751e8b465ee728b)  -> (artifact id: '5618ddb4b25b253e9a5947aff1319e19') in 0.003001 seconds 
  Import took 0.006136 seconds .

========================================================================
Received Import Request.
  Time since last request: 1.598385 seconds.
  path: Assets/Scenes/FinalBeta/FinalBeta LevelSCO/FB3-Break.asset
  artifactKey: Guid(74566f051812145b4a9bb7496f55bee8) Importer(815301076,1909f56bfc062723c751e8b465ee728b)
Start importing Assets/Scenes/FinalBeta/FinalBeta LevelSCO/FB3-Break.asset using Guid(74566f051812145b4a9bb7496f55bee8) Importer(815301076,1909f56bfc062723c751e8b465ee728b)  -> (artifact id: 'ccb6cd25ce2856d158cf4e10b8fa2a65') in 0.003504 seconds 
  Import took 0.008269 seconds .

========================================================================
Received Import Request.
  Time since last request: 13.212291 seconds.
  path: Assets/Scenes/FinalBeta/FinalBeta LevelSCO/FB3-Break 1.asset
  artifactKey: Guid(38748313794c5495dbdaddb31a82cda9) Importer(815301076,1909f56bfc062723c751e8b465ee728b)
Start importing Assets/Scenes/FinalBeta/FinalBeta LevelSCO/FB3-Break 1.asset using Guid(38748313794c5495dbdaddb31a82cda9) Importer(815301076,1909f56bfc062723c751e8b465ee728b)  -> (artifact id: '9360b3abe69a861282b503976fcdf26d') in 0.004052 seconds 
  Import took 0.007789 seconds .

========================================================================
Received Import Request.
  Time since last request: 0.000187 seconds.
  path: Assets/Scenes/FinalBeta/FinalBeta LevelSCO/FB3-Break.asset
  artifactKey: Guid(74566f051812145b4a9bb7496f55bee8) Importer(815301076,1909f56bfc062723c751e8b465ee728b)
Start importing Assets/Scenes/FinalBeta/FinalBeta LevelSCO/FB3-Break.asset using Guid(74566f051812145b4a9bb7496f55bee8) Importer(815301076,1909f56bfc062723c751e8b465ee728b)  -> (artifact id: 'a587479cd6774a516eb4eefb658ae41a') in 0.002608 seconds 
  Import took 0.006262 seconds .

========================================================================
Received Import Request.
  Time since last request: 6.457138 seconds.
  path: Assets/Scenes/FinalBeta/FinalBeta LevelSCO/FB3-BounceBreak.asset
  artifactKey: Guid(38748313794c5495dbdaddb31a82cda9) Importer(815301076,1909f56bfc062723c751e8b465ee728b)
Start importing Assets/Scenes/FinalBeta/FinalBeta LevelSCO/FB3-BounceBreak.asset using Guid(38748313794c5495dbdaddb31a82cda9) Importer(815301076,1909f56bfc062723c751e8b465ee728b)  -> (artifact id: 'b84bbe6dba4b5db4e39fb6fb09a2bc42') in 0.004675 seconds 
  Import took 0.009016 seconds .

========================================================================
Received Import Request.
  Time since last request: 4.662223 seconds.
  path: Assets/Scenes/FinalBeta/FinalBeta LevelSCO/FB3-BounceBreak 1.asset
  artifactKey: Guid(483faeb9de69543f0b5302ef2d011970) Importer(815301076,1909f56bfc062723c751e8b465ee728b)
Start importing Assets/Scenes/FinalBeta/FinalBeta LevelSCO/FB3-BounceBreak 1.asset using Guid(483faeb9de69543f0b5302ef2d011970) Importer(815301076,1909f56bfc062723c751e8b465ee728b)  -> (artifact id: '40533f09af301b8f5f176d2fb76996b5') in 0.004077 seconds 
  Import took 0.008996 seconds .

========================================================================
Received Import Request.
  Time since last request: 0.000312 seconds.
  path: Assets/Scenes/FinalBeta/FinalBeta LevelSCO/FB3-BounceBreak.asset
  artifactKey: Guid(38748313794c5495dbdaddb31a82cda9) Importer(815301076,1909f56bfc062723c751e8b465ee728b)
Start importing Assets/Scenes/FinalBeta/FinalBeta LevelSCO/FB3-BounceBreak.asset using Guid(38748313794c5495dbdaddb31a82cda9) Importer(815301076,1909f56bfc062723c751e8b465ee728b)  -> (artifact id: '581b6a9d385995401ecc30a96c6c4e53') in 0.002728 seconds 
  Import took 0.006483 seconds .

========================================================================
Received Import Request.
  Time since last request: 11.078387 seconds.
  path: Assets/Scenes/FinalBeta/FinalBeta LevelSCO/FB3-JumpBreak.asset
  artifactKey: Guid(483faeb9de69543f0b5302ef2d011970) Importer(815301076,1909f56bfc062723c751e8b465ee728b)
Start importing Assets/Scenes/FinalBeta/FinalBeta LevelSCO/FB3-JumpBreak.asset using Guid(483faeb9de69543f0b5302ef2d011970) Importer(815301076,1909f56bfc062723c751e8b465ee728b)  -> (artifact id: '97c8c1318cdaa39b87aa73486bbf9c85') in 0.003883 seconds 
  Import took 0.007938 seconds .

========================================================================
Received Import Request.
  Time since last request: 1.496406 seconds.
  path: Assets/Scenes/FinalBeta/FinalBeta LevelSCO/FB3-BounceBreak 1.asset
  artifactKey: Guid(ede48f038e09c4601a702cb73807850a) Importer(815301076,1909f56bfc062723c751e8b465ee728b)
Start importing Assets/Scenes/FinalBeta/FinalBeta LevelSCO/FB3-BounceBreak 1.asset using Guid(ede48f038e09c4601a702cb73807850a) Importer(815301076,1909f56bfc062723c751e8b465ee728b)  -> (artifact id: '962f96efaf0d0671c569cf8501ecb253') in 0.002365 seconds 
  Import took 0.006931 seconds .

========================================================================
Received Import Request.
  Time since last request: 6.514412 seconds.
  path: Assets/Scenes/FinalBeta/FinalBeta LevelSCO/FB3-Shake.asset
  artifactKey: Guid(ede48f038e09c4601a702cb73807850a) Importer(815301076,1909f56bfc062723c751e8b465ee728b)
Start importing Assets/Scenes/FinalBeta/FinalBeta LevelSCO/FB3-Shake.asset using Guid(ede48f038e09c4601a702cb73807850a) Importer(815301076,1909f56bfc062723c751e8b465ee728b)  -> (artifact id: '972de08c5d60d8586dcd178e0dad34f6') in 0.003888 seconds 
  Import took 0.008298 seconds .

========================================================================
Received Import Request.
  Time since last request: 8.470786 seconds.
  path: Assets/Scenes/FinalBeta/FinalBeta LevelSCO/FB3-Shake 1.asset
  artifactKey: Guid(2550bd22066544ee982ae73abac0f8c2) Importer(815301076,1909f56bfc062723c751e8b465ee728b)
Start importing Assets/Scenes/FinalBeta/FinalBeta LevelSCO/FB3-Shake 1.asset using Guid(2550bd22066544ee982ae73abac0f8c2) Importer(815301076,1909f56bfc062723c751e8b465ee728b)  -> (artifact id: '615c26638ec4cb504b9d7d57c0dc413e') in 0.003881 seconds 
  Import took 0.007762 seconds .

========================================================================
Received Import Request.
  Time since last request: 0.000257 seconds.
  path: Assets/Scenes/FinalBeta/FinalBeta LevelSCO/FB3-Shake.asset
  artifactKey: Guid(ede48f038e09c4601a702cb73807850a) Importer(815301076,1909f56bfc062723c751e8b465ee728b)
Start importing Assets/Scenes/FinalBeta/FinalBeta LevelSCO/FB3-Shake.asset using Guid(ede48f038e09c4601a702cb73807850a) Importer(815301076,1909f56bfc062723c751e8b465ee728b)  -> (artifact id: '44c2e375345c129dd8f592ef18a4a2d7') in 0.002474 seconds 
  Import took 0.005363 seconds .

========================================================================
Received Import Request.
  Time since last request: 5.127213 seconds.
  path: Assets/Scenes/FinalBeta/FinalBeta LevelSCO/FB3-Hammer.asset
  artifactKey: Guid(2550bd22066544ee982ae73abac0f8c2) Importer(815301076,1909f56bfc062723c751e8b465ee728b)
Start importing Assets/Scenes/FinalBeta/FinalBeta LevelSCO/FB3-Hammer.asset using Guid(2550bd22066544ee982ae73abac0f8c2) Importer(815301076,1909f56bfc062723c751e8b465ee728b)  -> (artifact id: '5d8430c489d65aedef34852f55b7a287') in 0.004104 seconds 
  Import took 0.009229 seconds .

========================================================================
Received Prepare
Registering precompiled user dll's ...
Registered in 0.022758 seconds.
Begin MonoManager ReloadAssembly
Native extension for OSXStandalone target not found
Refreshing native plugins compatible for Editor in 1.73 ms, found 2 plugins.
Preloading 0 native plugins for Editor in 0.00 ms.
Mono: successfully reloaded assembly
- Completed reload, in  3.703 seconds
Platform modules already initialized, skipping
Switching build target platform(2) subTarget(0) extendedPlatform(0) -> platform(9) subTarget(16777218) extendedPlatform(0)
Refreshing native plugins compatible for Editor in 0.82 ms, found 2 plugins.
Preloading 0 native plugins for Editor in 0.00 ms.
Unloading 1860 Unused Serialized files (Serialized files now loaded: 0)
System memory in use before: 176.4 MB.
System memory in use after: 176.4 MB.

Unloading 19 unused Assets to reduce memory usage. Loaded Objects now: 2407.
Total: 3.685458 ms (FindLiveObjects: 0.354553 ms CreateObjectMapping: 0.188869 ms MarkObjects: 3.029896 ms  DeleteObjects: 0.110871 ms)

AssetImportParameters requested are different than current active one (requested -> active):
  custom:video-decoder-ogg-theora: a1e56fd34408186e4bbccfd4996cb3dc -> 
  custom:container-muxer-webm: aa71ff27fc2769a1b78a27578f13a17b -> 
  custom:container-demuxer-webm: 4f35f7cbe854078d1ac9338744f61a02 -> 
  custom:container-demuxer-ogg: 62fdf1f143b41e24485cea50d1cbac27 -> 
  custom:video-encoder-webm-vp8: eb34c28f22e8b96e1ab97ce403110664 -> 
  custom:framework-osx-AVFoundation: b23960f63f64bdc6ff669e2cdcee2391 -> 
  custom:video-decoder-webm-vp8: 9c59270c3fd7afecdb556c50c9e8de78 -> 
  custom:graphics/normal-map-encoding: 01000000000000000000000000000000 -> 02000000000000000000000000000000
  custom:audio-decoder-ogg-vorbis: bf7c407c2cedff20999df2af8eb42d56 -> 
  custom:audio-encoder-webm-vorbis: bf7c407c2cedff20999df2af8eb42d56 -> 
========================================================================
Received Prepare
Registering precompiled user dll's ...
Registered in 0.007725 seconds.
Begin MonoManager ReloadAssembly
Native extension for OSXStandalone target not found
Refreshing native plugins compatible for Editor in 0.55 ms, found 2 plugins.
Preloading 0 native plugins for Editor in 0.00 ms.
Mono: successfully reloaded assembly
- Completed reload, in  1.323 seconds
Platform modules already initialized, skipping
Switching build target platform(2) subTarget(0) extendedPlatform(0) -> platform(9) subTarget(16777218) extendedPlatform(0)
Refreshing native plugins compatible for Editor in 0.47 ms, found 2 plugins.
Preloading 0 native plugins for Editor in 0.00 ms.
Unloading 1860 Unused Serialized files (Serialized files now loaded: 0)
System memory in use before: 176.6 MB.
System memory in use after: 176.6 MB.

Unloading 19 unused Assets to reduce memory usage. Loaded Objects now: 2410.
Total: 2.037228 ms (FindLiveObjects: 0.182139 ms CreateObjectMapping: 0.062108 ms MarkObjects: 1.740079 ms  DeleteObjects: 0.052143 ms)

AssetImportParameters requested are different than current active one (requested -> active):
  custom:video-decoder-ogg-theora: a1e56fd34408186e4bbccfd4996cb3dc -> 
  custom:container-muxer-webm: aa71ff27fc2769a1b78a27578f13a17b -> 
  custom:container-demuxer-webm: 4f35f7cbe854078d1ac9338744f61a02 -> 
  custom:container-demuxer-ogg: 62fdf1f143b41e24485cea50d1cbac27 -> 
  custom:video-encoder-webm-vp8: eb34c28f22e8b96e1ab97ce403110664 -> 
  custom:framework-osx-AVFoundation: b23960f63f64bdc6ff669e2cdcee2391 -> 
  custom:video-decoder-webm-vp8: 9c59270c3fd7afecdb556c50c9e8de78 -> 
  custom:graphics/normal-map-encoding: 01000000000000000000000000000000 -> 02000000000000000000000000000000
  custom:audio-decoder-ogg-vorbis: bf7c407c2cedff20999df2af8eb42d56 -> 
  custom:audio-encoder-webm-vorbis: bf7c407c2cedff20999df2af8eb42d56 -> 
========================================================================
Received Import Request.
  Time since last request: 1278.752846 seconds.
  path: Assets/Third Party Stuffs/PlayerPrefsEditor
  artifactKey: Guid(1d99210e679de4168bb44b476a8a435a) Importer(815301076,1909f56bfc062723c751e8b465ee728b)
Start importing Assets/Third Party Stuffs/PlayerPrefsEditor using Guid(1d99210e679de4168bb44b476a8a435a) Importer(815301076,1909f56bfc062723c751e8b465ee728b)  -> (artifact id: '1c8094575ec0bee3b9e5d030ca854204') in 0.010227 seconds 
  Import took 0.017338 seconds .

========================================================================
Received Import Request.
  Time since last request: 11.189629 seconds.
  path: Assets/Animations/CrystalText.controller
  artifactKey: Guid(14d1a4f1980e547ea9acb8b6883c2f0b) Importer(815301076,1909f56bfc062723c751e8b465ee728b)
Start importing Assets/Animations/CrystalText.controller using Guid(14d1a4f1980e547ea9acb8b6883c2f0b) Importer(815301076,1909f56bfc062723c751e8b465ee728b)  -> (artifact id: '77c9728a47f088db4dda9c8a4429c5eb') in 0.225676 seconds 
  Import took 0.231745 seconds .

========================================================================
Received Import Request.
  Time since last request: 2.663518 seconds.
  path: Assets/Animations/MyButtonAnim.controller
  artifactKey: Guid(f475d77e7f473432484e8ddb36c1588f) Importer(815301076,1909f56bfc062723c751e8b465ee728b)
Start importing Assets/Animations/MyButtonAnim.controller using Guid(f475d77e7f473432484e8ddb36c1588f) Importer(815301076,1909f56bfc062723c751e8b465ee728b)  -> (artifact id: 'f68cc2ce05936d18e140bf329c859618') in 0.005797 seconds 
  Import took 0.010239 seconds .

========================================================================
Received Import Request.
  Time since last request: 0.002863 seconds.
  path: Assets/Animations/MyButtonAnim.controller
  artifactKey: Guid(f475d77e7f473432484e8ddb36c1588f) Importer(815301076,1909f56bfc062723c751e8b465ee728b)
Start importing Assets/Animations/MyButtonAnim.controller using Guid(f475d77e7f473432484e8ddb36c1588f) Importer(815301076,1909f56bfc062723c751e8b465ee728b)  -> (artifact id: 'f68cc2ce05936d18e140bf329c859618') in 0.003644 seconds 
  Import took 0.007742 seconds .

========================================================================
Received Import Request.
  Time since last request: 0.732872 seconds.
  path: Assets/Animations/Star.controller
  artifactKey: Guid(193877cfd5389439184c1808a9b2d597) Importer(815301076,1909f56bfc062723c751e8b465ee728b)
Start importing Assets/Animations/Star.controller using Guid(193877cfd5389439184c1808a9b2d597) Importer(815301076,1909f56bfc062723c751e8b465ee728b)  -> (artifact id: '3e5c2a9488cd867fb8e0d5da252b689c') in 0.004014 seconds 
  Import took 0.008168 seconds .

========================================================================
Received Prepare
Registering precompiled user dll's ...
Registered in 0.005120 seconds.
Begin MonoManager ReloadAssembly
Native extension for OSXStandalone target not found
Refreshing native plugins compatible for Editor in 0.56 ms, found 2 plugins.
Preloading 0 native plugins for Editor in 0.00 ms.
Mono: successfully reloaded assembly
- Completed reload, in  1.234 seconds
Platform modules already initialized, skipping
Switching build target platform(2) subTarget(0) extendedPlatform(0) -> platform(9) subTarget(16777218) extendedPlatform(0)
Refreshing native plugins compatible for Editor in 0.49 ms, found 2 plugins.
Preloading 0 native plugins for Editor in 0.00 ms.
Unloading 1860 Unused Serialized files (Serialized files now loaded: 0)
System memory in use before: 180.9 MB.
System memory in use after: 181.0 MB.

Unloading 19 unused Assets to reduce memory usage. Loaded Objects now: 2413.
Total: 2.027464 ms (FindLiveObjects: 0.186315 ms CreateObjectMapping: 0.064353 ms MarkObjects: 1.727751 ms  DeleteObjects: 0.048262 ms)

AssetImportParameters requested are different than current active one (requested -> active):
  custom:video-decoder-ogg-theora: a1e56fd34408186e4bbccfd4996cb3dc -> 
  custom:container-muxer-webm: aa71ff27fc2769a1b78a27578f13a17b -> 
  custom:container-demuxer-webm: 4f35f7cbe854078d1ac9338744f61a02 -> 
  custom:container-demuxer-ogg: 62fdf1f143b41e24485cea50d1cbac27 -> 
  custom:video-encoder-webm-vp8: eb34c28f22e8b96e1ab97ce403110664 -> 
  custom:framework-osx-AVFoundation: b23960f63f64bdc6ff669e2cdcee2391 -> 
  custom:video-decoder-webm-vp8: 9c59270c3fd7afecdb556c50c9e8de78 -> 
  custom:graphics/normal-map-encoding: 01000000000000000000000000000000 -> 02000000000000000000000000000000
  custom:audio-decoder-ogg-vorbis: bf7c407c2cedff20999df2af8eb42d56 -> 
  custom:audio-encoder-webm-vorbis: bf7c407c2cedff20999df2af8eb42d56 -> 
